<?xml version="1.0" encoding="UTF-8"?>
<testng-results ignored="0" total="1" passed="1" failed="0" skipped="0">
  <reporter-output>
  </reporter-output>
  <suite started-at="2021-04-01T01:30:31Z" name="Suite" finished-at="2021-04-01T01:30:55Z" duration-ms="24634">
    <groups>
    </groups>
    <test started-at="2021-04-01T01:30:31Z" name="Test" finished-at="2021-04-01T01:30:55Z" duration-ms="24634">
      <class name="testModel.Testcase1">
        <test-method is-config="true" signature="Setup()[pri:0, instance:testModel.Testcase1@593aaf41]" started-at="2021-03-31T21:30:31Z" name="Setup" finished-at="2021-03-31T21:30:38Z" duration-ms="7048" status="PASS">
          <reporter-output>
          </reporter-output>
        </test-method> <!-- Setup -->
        <test-method signature="pageModelTest()[pri:0, instance:testModel.Testcase1@593aaf41]" started-at="2021-03-31T21:30:38Z" name="pageModelTest" finished-at="2021-03-31T21:30:55Z" duration-ms="17568" status="PASS">
          <reporter-output>
          </reporter-output>
        </test-method> <!-- pageModelTest -->
      </class> <!-- testModel.Testcase1 -->
    </test> <!-- Test -->
  </suite> <!-- Suite -->
</testng-results>
